<?xml version="1.0"?>
<!DOCTYPE coverage SYSTEM "http://cobertura.sourceforge.net/xml/coverage-04.dtd">
<coverage 
line-rate="1.00" lines-valid="23" lines-covered="23" branches-valid="1" branches-covered="1" branch-rate="1.00" complexity="0" version="1.0" timestamp="1532942431859">
    <sources>
        <source>--source</source>
        <source>/home/travis/build/iuginP/pps-17-cw-mp/services/room-receiver</source>
    </sources>
    <packages>
        <package name="it.cwmp.services.roomreceiver" line-rate="1.00" branch-rate="1.00" complexity="0">
            <classes>
                <class 
                name="it.cwmp.services.roomreceiver.RoomReceiverServiceVerticle" filename="src/main/scala/it/cwmp/services/roomreceiver/RoomReceiverServiceVerticle.scala" line-rate="1.00" branch-rate="1.00" complexity="0">
                    <methods>
                        <method 
                        name="it.cwmp.services.roomreceiver/RoomReceiverServiceVerticle/createParticipantReceiverHandler" signature="()V" line-rate="1.00" branch-rate="1.00" complexity="0">
                            <lines>
                                <line number="40" hits="1" branch="false"/>
                                <line number="42" hits="1" branch="false"/>
                                <line number="35" hits="1" branch="false"/>
                                <line number="36" hits="1" branch="false"/>
                                <line number="41" hits="1" branch="false"/>
                                <line number="41" hits="1" branch="false"/>
                                <line number="45" hits="1" branch="false"/>
                            </lines>
</method>
                        <method 
                        name="it.cwmp.services.roomreceiver/RoomReceiverServiceVerticle/&lt;none&gt;" signature="()V" line-rate="1.00" branch-rate="1.00" complexity="0">
                            <lines>
                                <line number="21" hits="1" branch="false"/>
                            </lines>
</method>
                        <method 
                        name="it.cwmp.services.roomreceiver/RoomReceiverServiceVerticle/extractIncomingParticipantListFromBody" signature="()V" line-rate="1.00" branch-rate="1.00" complexity="0">
                            <lines>
                                <line number="60" hits="1" branch="false"/>
                                <line number="53" hits="1" branch="false"/>
                                <line number="55" hits="1" branch="false"/>
                                <line number="50" hits="1" branch="false"/>
                                <line number="57" hits="1" branch="false"/>
                                <line number="53" hits="1" branch="false"/>
                                <line number="52" hits="1" branch="false"/>
                                <line number="53" hits="1" branch="false"/>
                                <line number="49" hits="1" branch="false"/>
                                <line number="51" hits="1" branch="false"/>
                            </lines>
</method>
                        <method 
                        name="it.cwmp.services.roomreceiver/RoomReceiverServiceVerticle/initRouter" signature="()V" line-rate="1.00" branch-rate="1.00" complexity="0">
                            <lines>
                                <line number="26" hits="1" branch="false"/>
                                <line number="26" hits="1" branch="false"/>
                                <line number="26" hits="1" branch="false"/>
                                <line number="26" hits="1" branch="false"/>
                            </lines>
</method>
                        <method 
                        name="it.cwmp.services.roomreceiver/RoomReceiverServiceVerticle/port" signature="()V" line-rate="1.00" branch-rate="1.00" complexity="0">
                            <lines>
                                <line number="23" hits="1" branch="false"/>
                            </lines>
</method>
                    </methods>
                    <lines>
                        <line number="60" hits="1" branch="false"/>
                        <line number="53" hits="1" branch="false"/>
                        <line number="40" hits="1" branch="false"/>
                        <line number="42" hits="1" branch="false"/>
                        <line number="55" hits="1" branch="false"/>
                        <line number="23" hits="1" branch="false"/>
                        <line number="26" hits="1" branch="false"/>
                        <line number="50" hits="1" branch="false"/>
                        <line number="26" hits="1" branch="false"/>
                        <line number="35" hits="1" branch="false"/>
                        <line number="57" hits="1" branch="false"/>
                        <line number="53" hits="1" branch="false"/>
                        <line number="36" hits="1" branch="false"/>
                        <line number="41" hits="1" branch="false"/>
                        <line number="21" hits="1" branch="false"/>
                        <line number="52" hits="1" branch="false"/>
                        <line number="41" hits="1" branch="false"/>
                        <line number="53" hits="1" branch="false"/>
                        <line number="45" hits="1" branch="false"/>
                        <line number="26" hits="1" branch="false"/>
                        <line number="49" hits="1" branch="false"/>
                        <line number="26" hits="1" branch="false"/>
                        <line number="51" hits="1" branch="false"/>
                    </lines>
</class>
            </classes>
        </package>
    </packages>
</coverage>
