<?xml version="1.0"?>
<!DOCTYPE coverage SYSTEM "http://cobertura.sourceforge.net/xml/coverage-04.dtd">
<coverage 
line-rate="0.30" lines-valid="1744" lines-covered="517" branches-valid="76" branches-covered="36" branch-rate="0.47" complexity="0" version="1.0" timestamp="1534924258176">
    <sources>
        <source>--source</source>
        <source>/home/travis/build/iuginP/pps-17-cw-mp/client</source>
    </sources>
    <packages>
        <package name="it.cwmp.client" line-rate="0.00" branch-rate="0.00" complexity="0">
            <classes>
                <class 
                name="it.cwmp.client.ClientMain" filename="src/main/scala/it/cwmp/client/ClientMain.scala" line-rate="0.00" branch-rate="0.00" complexity="0">
                    <methods>
                        <method 
                        name="it.cwmp.client/ClientMain/&lt;none&gt;" signature="()V" line-rate="0.00" branch-rate="0.00" complexity="0">
                            <lines>
                                <line number="43" hits="0" branch="false"/>
                                <line number="32" hits="0" branch="false"/>
                                <line number="39" hits="0" branch="false"/>
                                <line number="47" hits="0" branch="false"/>
                                <line number="34" hits="0" branch="false"/>
                                <line number="46" hits="0" branch="false"/>
                                <line number="41" hits="0" branch="false"/>
                                <line number="20" hits="0" branch="false"/>
                                <line number="29" hits="0" branch="false"/>
                                <line number="36" hits="0" branch="false"/>
                                <line number="25" hits="0" branch="false"/>
                                <line number="36" hits="0" branch="false"/>
                                <line number="43" hits="0" branch="false"/>
                                <line number="31" hits="0" branch="false"/>
                                <line number="32" hits="0" branch="false"/>
                                <line number="46" hits="0" branch="false"/>
                                <line number="33" hits="0" branch="false"/>
                                <line number="18" hits="0" branch="false"/>
                                <line number="40" hits="0" branch="false"/>
                                <line number="39" hits="0" branch="false"/>
                                <line number="39" hits="0" branch="false"/>
                                <line number="32" hits="0" branch="false"/>
                                <line number="39" hits="0" branch="false"/>
                                <line number="43" hits="0" branch="false"/>
                                <line number="22" hits="0" branch="false"/>
                                <line number="34" hits="0" branch="false"/>
                                <line number="36" hits="0" branch="false"/>
                                <line number="45" hits="0" branch="false"/>
                                <line number="32" hits="0" branch="false"/>
                            </lines>
</method>
                        <method name="it.cwmp.client/ClientMain/launch" signature="()V" line-rate="0.00" branch-rate="0.00" complexity="0">
                            <lines>
                                <line number="74" hits="0" branch="false"/>
                                <line number="58" hits="0" branch="false"/>
                                <line number="71" hits="0" branch="false"/>
                                <line number="65" hits="0" branch="false"/>
                                <line number="60" hits="0" branch="false"/>
                                <line number="70" hits="0" branch="false"/>
                                <line number="76" hits="0" branch="false"/>
                                <line number="67" hits="0" branch="false"/>
                                <line number="74" hits="0" branch="false"/>
                                <line number="70" hits="0" branch="false"/>
                                <line number="76" hits="0" branch="false"/>
                                <line number="67" hits="0" branch="false"/>
                                <line number="74" hits="0" branch="false"/>
                                <line number="58" hits="0" branch="false"/>
                                <line number="70" hits="0" branch="false"/>
                                <line number="67" hits="0" branch="false"/>
                                <line number="59" hits="0" branch="false"/>
                                <line number="65" hits="0" branch="false"/>
                                <line number="72" hits="0" branch="false"/>
                                <line number="76" hits="0" branch="false"/>
                                <line number="60" hits="0" branch="false"/>
                                <line number="74" hits="0" branch="false"/>
                                <line number="76" hits="0" branch="false"/>
                                <line number="58" hits="0" branch="false"/>
                                <line number="67" hits="0" branch="false"/>
                                <line number="72" hits="0" branch="false"/>
                                <line number="67" hits="0" branch="false"/>
                                <line number="59" hits="0" branch="false"/>
                            </lines>
                        </method>
                    </methods>
                    <lines>
                        <line number="43" hits="0" branch="false"/>
                        <line number="74" hits="0" branch="false"/>
                        <line number="58" hits="0" branch="false"/>
                        <line number="71" hits="0" branch="false"/>
                        <line number="65" hits="0" branch="false"/>
                        <line number="60" hits="0" branch="false"/>
                        <line number="32" hits="0" branch="false"/>
                        <line number="70" hits="0" branch="false"/>
                        <line number="39" hits="0" branch="false"/>
                        <line number="47" hits="0" branch="false"/>
                        <line number="34" hits="0" branch="false"/>
                        <line number="76" hits="0" branch="false"/>
                        <line number="46" hits="0" branch="false"/>
                        <line number="67" hits="0" branch="false"/>
                        <line number="74" hits="0" branch="false"/>
                        <line number="41" hits="0" branch="false"/>
                        <line number="20" hits="0" branch="false"/>
                        <line number="29" hits="0" branch="false"/>
                        <line number="36" hits="0" branch="false"/>
                        <line number="70" hits="0" branch="false"/>
                        <line number="76" hits="0" branch="false"/>
                        <line number="67" hits="0" branch="false"/>
                        <line number="74" hits="0" branch="false"/>
                        <line number="25" hits="0" branch="false"/>
                        <line number="36" hits="0" branch="false"/>
                        <line number="43" hits="0" branch="false"/>
                        <line number="58" hits="0" branch="false"/>
                        <line number="31" hits="0" branch="false"/>
                        <line number="32" hits="0" branch="false"/>
                        <line number="70" hits="0" branch="false"/>
                        <line number="67" hits="0" branch="false"/>
                        <line number="46" hits="0" branch="false"/>
                        <line number="59" hits="0" branch="false"/>
                        <line number="33" hits="0" branch="false"/>
                        <line number="65" hits="0" branch="false"/>
                        <line number="18" hits="0" branch="false"/>
                        <line number="40" hits="0" branch="false"/>
                        <line number="39" hits="0" branch="false"/>
                        <line number="72" hits="0" branch="false"/>
                        <line number="76" hits="0" branch="false"/>
                        <line number="39" hits="0" branch="false"/>
                        <line number="60" hits="0" branch="false"/>
                        <line number="32" hits="0" branch="false"/>
                        <line number="39" hits="0" branch="false"/>
                        <line number="74" hits="0" branch="false"/>
                        <line number="43" hits="0" branch="false"/>
                        <line number="76" hits="0" branch="false"/>
                        <line number="22" hits="0" branch="false"/>
                        <line number="34" hits="0" branch="false"/>
                        <line number="58" hits="0" branch="false"/>
                        <line number="67" hits="0" branch="false"/>
                        <line number="36" hits="0" branch="false"/>
                        <line number="72" hits="0" branch="false"/>
                        <line number="67" hits="0" branch="false"/>
                        <line number="45" hits="0" branch="false"/>
                        <line number="59" hits="0" branch="false"/>
                        <line number="32" hits="0" branch="false"/>
                    </lines>
</class>
            </classes>
        </package>
        <package name="it.cwmp.client.controller" line-rate="0.00" branch-rate="0.00" complexity="0">
            <classes>
                <class 
                name="it.cwmp.client.controller.ParticipantListReceiver" filename="src/main/scala/it/cwmp/client/controller/ParticipantListReceiver.scala" line-rate="0.00" branch-rate="0.00" complexity="0">
                    <methods>
                        <method 
                        name="it.cwmp.client.controller/ParticipantListReceiver/stopListeningForParticipants" signature="()V" line-rate="0.00" branch-rate="0.00" complexity="0">
                            <lines>
                                <line number="43" hits="0" branch="false"/>
                                <line number="43" hits="0" branch="false"/>
                            </lines>
</method>
                        <method 
                        name="it.cwmp.client.controller/ParticipantListReceiver/&lt;none&gt;" signature="()V" line-rate="0.00" branch-rate="0.00" complexity="0">
                            <lines>
                                <line number="51" hits="0" branch="false"/>
                            </lines>
</method>
                        <method 
                        name="it.cwmp.client.controller/ParticipantListReceiver/deploymentID" signature="()V" line-rate="0.00" branch-rate="0.00" complexity="0">
                            <lines>
                                <line number="19" hits="0" branch="false"/>
                            </lines>
</method>
                        <method 
                        name="it.cwmp.client.controller/ParticipantListReceiver/listenForParticipantListFuture" signature="()V" line-rate="0.00" branch-rate="0.00" complexity="0">
                            <lines>
                                <line number="30" hits="0" branch="false"/>
                                <line number="34" hits="0" branch="false"/>
                                <line number="31" hits="0" branch="false"/>
                                <line number="34" hits="0" branch="false"/>
                                <line number="34" hits="0" branch="false"/>
                                <line number="33" hits="0" branch="false"/>
                                <line number="33" hits="0" branch="false"/>
                                <line number="35" hits="0" branch="false"/>
                                <line number="34" hits="0" branch="false"/>
                                <line number="34" hits="0" branch="false"/>
                                <line number="34" hits="0" branch="false"/>
                                <line number="31" hits="0" branch="false"/>
                                <line number="30" hits="0" branch="false"/>
                                <line number="34" hits="0" branch="false"/>
                                <line number="33" hits="0" branch="false"/>
                                <line number="35" hits="0" branch="false"/>
                                <line number="34" hits="0" branch="false"/>
                                <line number="33" hits="0" branch="false"/>
                            </lines>
</method>
                    </methods>
                    <lines>
                        <line number="43" hits="0" branch="false"/>
                        <line number="30" hits="0" branch="false"/>
                        <line number="34" hits="0" branch="false"/>
                        <line number="31" hits="0" branch="false"/>
                        <line number="34" hits="0" branch="false"/>
                        <line number="34" hits="0" branch="false"/>
                        <line number="33" hits="0" branch="false"/>
                        <line number="33" hits="0" branch="false"/>
                        <line number="35" hits="0" branch="false"/>
                        <line number="19" hits="0" branch="false"/>
                        <line number="34" hits="0" branch="false"/>
                        <line number="34" hits="0" branch="false"/>
                        <line number="51" hits="0" branch="false"/>
                        <line number="34" hits="0" branch="false"/>
                        <line number="31" hits="0" branch="false"/>
                        <line number="30" hits="0" branch="false"/>
                        <line number="34" hits="0" branch="false"/>
                        <line number="43" hits="0" branch="false"/>
                        <line number="33" hits="0" branch="false"/>
                        <line number="35" hits="0" branch="false"/>
                        <line number="34" hits="0" branch="false"/>
                        <line number="33" hits="0" branch="false"/>
                    </lines>
</class>
            </classes>
        </package>
        <package name="it.cwmp.client.controller.actors" line-rate="0.09" branch-rate="0.00" complexity="0">
            <classes>
                <class 
                name="it.cwmp.client.controller.actors.PlayerActor" filename="src/main/scala/it/cwmp/client/controller/actors/PlayerActor.scala" line-rate="0.00" branch-rate="0.00" complexity="0">
                    <methods>
                        <method 
                        name="it.cwmp.client.controller.actors/PlayerActor/receive" signature="()V" line-rate="0.00" branch-rate="0.00" complexity="0">
                            <lines>
                                <line number="60" hits="0" branch="false"/>
                                <line number="60" hits="0" branch="false"/>
                            </lines>
</method>
                        <method 
                        name="it.cwmp.client.controller.actors/PlayerActor/beforeInGameBehaviour" signature="()V" line-rate="0.00" branch-rate="0.00" complexity="0">
                            <lines>
                                <line number="73" hits="0" branch="false"/>
                                <line number="77" hits="0" branch="false"/>
                                <line number="71" hits="0" branch="false"/>
                                <line number="69" hits="0" branch="false"/>
                                <line number="70" hits="0" branch="false"/>
                                <line number="75" hits="0" branch="false"/>
                                <line number="66" hits="0" branch="false"/>
                                <line number="66" hits="0" branch="false"/>
                                <line number="75" hits="0" branch="false"/>
                                <line number="66" hits="0" branch="false"/>
                                <line number="71" hits="0" branch="false"/>
                                <line number="71" hits="0" branch="false"/>
                                <line number="69" hits="0" branch="false"/>
                                <line number="70" hits="0" branch="false"/>
                                <line number="75" hits="0" branch="false"/>
                                <line number="70" hits="0" branch="false"/>
                                <line number="71" hits="0" branch="false"/>
                                <line number="71" hits="0" branch="false"/>
                                <line number="75" hits="0" branch="false"/>
                                <line number="66" hits="0" branch="false"/>
                                <line number="65" hits="0" branch="false"/>
                                <line number="66" hits="0" branch="false"/>
                                <line number="73" hits="0" branch="false"/>
                            </lines>
</method>
                        <method 
                        name="it.cwmp.client.controller.actors/PlayerActor/onWorldUpdatedAction" signature="()V" line-rate="0.00" branch-rate="0.00" complexity="0">
                            <lines>
                                <line number="109" hits="0" branch="false"/>
                                <line number="109" hits="0" branch="false"/>
                                <line number="109" hits="0" branch="false"/>
                                <line number="109" hits="0" branch="false"/>
                            </lines>
</method>
                        <method 
                        name="it.cwmp.client.controller.actors/PlayerActor/startGame" signature="()V" line-rate="0.00" branch-rate="0.00" complexity="0">
                            <lines>
                                <line number="100" hits="0" branch="false"/>
                                <line number="100" hits="0" branch="false"/>
                                <line number="100" hits="0" branch="false"/>
                                <line number="101" hits="0" branch="false"/>
                                <line number="99" hits="0" branch="false"/>
                                <line number="100" hits="0" branch="false"/>
                                <line number="100" hits="0" branch="false"/>
                                <line number="99" hits="0" branch="false"/>
                            </lines>
</method>
                        <method 
                        name="it.cwmp.client.controller.actors/PlayerActor/preStart" signature="()V" line-rate="0.00" branch-rate="0.00" complexity="0">
                            <lines>
                                <line number="44" hits="0" branch="false"/>
                                <line number="48" hits="0" branch="false"/>
                                <line number="48" hits="0" branch="false"/>
                                <line number="44" hits="0" branch="false"/>
                                <line number="45" hits="0" branch="false"/>
                                <line number="45" hits="0" branch="false"/>
                                <line number="52" hits="0" branch="false"/>
                                <line number="48" hits="0" branch="false"/>
                                <line number="49" hits="0" branch="false"/>
                                <line number="44" hits="0" branch="false"/>
                                <line number="49" hits="0" branch="false"/>
                                <line number="45" hits="0" branch="false"/>
                                <line number="52" hits="0" branch="false"/>
                                <line number="45" hits="0" branch="false"/>
                                <line number="44" hits="0" branch="false"/>
                            </lines>
</method>
                        <method 
                        name="it.cwmp.client.controller.actors/PlayerActor/&lt;none&gt;" signature="()V" line-rate="0.00" branch-rate="0.00" complexity="0">
                            <lines>
                                <line number="36" hits="0" branch="false"/>
                                <line number="40" hits="0" branch="false"/>
                                <line number="40" hits="0" branch="false"/>
                                <line number="40" hits="0" branch="false"/>
                                <line number="35" hits="0" branch="false"/>
                                <line number="36" hits="0" branch="false"/>
                                <line number="40" hits="0" branch="false"/>
                                <line number="35" hits="0" branch="false"/>
                            </lines>
</method>
                        <method 
                        name="it.cwmp.client.controller.actors/PlayerActor/postStop" signature="()V" line-rate="0.00" branch-rate="0.00" complexity="0">
                            <lines>
                                <line number="57" hits="0" branch="false"/>
                                <line number="56" hits="0" branch="false"/>
                                <line number="57" hits="0" branch="false"/>
                                <line number="56" hits="0" branch="false"/>
                            </lines>
</method>
                        <method 
                        name="it.cwmp.client.controller.actors/PlayerActor/getAddress" signature="()V" line-rate="0.00" branch-rate="0.00" complexity="0">
                            <lines>
                                <line number="114" hits="0" branch="false"/>
                                <line number="114" hits="0" branch="false"/>
                                <line number="114" hits="0" branch="false"/>
                                <line number="114" hits="0" branch="false"/>
                            </lines>
</method>
                        <method 
                        name="it.cwmp.client.controller.actors/PlayerActor/clusterBehaviour" signature="()V" line-rate="0.00" branch-rate="0.00" complexity="0">
                            <lines>
                                <line number="83" hits="0" branch="false"/>
                                <line number="87" hits="0" branch="false"/>
                                <line number="87" hits="0" branch="false"/>
                                <line number="87" hits="0" branch="false"/>
                                <line number="92" hits="0" branch="false"/>
                                <line number="87" hits="0" branch="false"/>
                                <line number="87" hits="0" branch="false"/>
                                <line number="87" hits="0" branch="false"/>
                            </lines>
</method>
                    </methods>
                    <lines>
                        <line number="83" hits="0" branch="false"/>
                        <line number="109" hits="0" branch="false"/>
                        <line number="73" hits="0" branch="false"/>
                        <line number="77" hits="0" branch="false"/>
                        <line number="100" hits="0" branch="false"/>
                        <line number="109" hits="0" branch="false"/>
                        <line number="71" hits="0" branch="false"/>
                        <line number="87" hits="0" branch="false"/>
                        <line number="57" hits="0" branch="false"/>
                        <line number="69" hits="0" branch="false"/>
                        <line number="44" hits="0" branch="false"/>
                        <line number="48" hits="0" branch="false"/>
                        <line number="36" hits="0" branch="false"/>
                        <line number="100" hits="0" branch="false"/>
                        <line number="70" hits="0" branch="false"/>
                        <line number="114" hits="0" branch="false"/>
                        <line number="75" hits="0" branch="false"/>
                        <line number="48" hits="0" branch="false"/>
                        <line number="87" hits="0" branch="false"/>
                        <line number="66" hits="0" branch="false"/>
                        <line number="44" hits="0" branch="false"/>
                        <line number="45" hits="0" branch="false"/>
                        <line number="66" hits="0" branch="false"/>
                        <line number="56" hits="0" branch="false"/>
                        <line number="40" hits="0" branch="false"/>
                        <line number="100" hits="0" branch="false"/>
                        <line number="114" hits="0" branch="false"/>
                        <line number="87" hits="0" branch="false"/>
                        <line number="75" hits="0" branch="false"/>
                        <line number="66" hits="0" branch="false"/>
                        <line number="71" hits="0" branch="false"/>
                        <line number="101" hits="0" branch="false"/>
                        <line number="92" hits="0" branch="false"/>
                        <line number="40" hits="0" branch="false"/>
                        <line number="45" hits="0" branch="false"/>
                        <line number="52" hits="0" branch="false"/>
                        <line number="87" hits="0" branch="false"/>
                        <line number="40" hits="0" branch="false"/>
                        <line number="71" hits="0" branch="false"/>
                        <line number="109" hits="0" branch="false"/>
                        <line number="57" hits="0" branch="false"/>
                        <line number="99" hits="0" branch="false"/>
                        <line number="69" hits="0" branch="false"/>
                        <line number="48" hits="0" branch="false"/>
                        <line number="35" hits="0" branch="false"/>
                        <line number="60" hits="0" branch="false"/>
                        <line number="70" hits="0" branch="false"/>
                        <line number="49" hits="0" branch="false"/>
                        <line number="75" hits="0" branch="false"/>
                        <line number="44" hits="0" branch="false"/>
                        <line number="60" hits="0" branch="false"/>
                        <line number="70" hits="0" branch="false"/>
                        <line number="114" hits="0" branch="false"/>
                        <line number="87" hits="0" branch="false"/>
                        <line number="100" hits="0" branch="false"/>
                        <line number="71" hits="0" branch="false"/>
                        <line number="49" hits="0" branch="false"/>
                        <line number="87" hits="0" branch="false"/>
                        <line number="71" hits="0" branch="false"/>
                        <line number="45" hits="0" branch="false"/>
                        <line number="75" hits="0" branch="false"/>
                        <line number="52" hits="0" branch="false"/>
                        <line number="66" hits="0" branch="false"/>
                        <line number="36" hits="0" branch="false"/>
                        <line number="114" hits="0" branch="false"/>
                        <line number="100" hits="0" branch="false"/>
                        <line number="65" hits="0" branch="false"/>
                        <line number="66" hits="0" branch="false"/>
                        <line number="109" hits="0" branch="false"/>
                        <line number="73" hits="0" branch="false"/>
                        <line number="45" hits="0" branch="false"/>
                        <line number="56" hits="0" branch="false"/>
                        <line number="40" hits="0" branch="false"/>
                        <line number="99" hits="0" branch="false"/>
                        <line number="44" hits="0" branch="false"/>
                        <line number="35" hits="0" branch="false"/>
                    </lines>
</class>
                <class 
                name="it.cwmp.client.controller.actors.ClientControllerActor" filename="src/main/scala/it/cwmp/client/controller/actors/ClientControllerActor.scala" line-rate="0.00" branch-rate="0.00" complexity="0">
                    <methods>
                        <method 
                        name="it.cwmp.client.controller.actors/ClientControllerActor/onLogOut" signature="()V" line-rate="0.00" branch-rate="0.00" complexity="0">
                            <lines>
                                <line number="185" hits="0" branch="false"/>
                                <line number="185" hits="0" branch="false"/>
                                <line number="185" hits="0" branch="false"/>
                                <line number="185" hits="0" branch="false"/>
                                <line number="186" hits="0" branch="false"/>
                            </lines>
</method>
                        <method 
                        name="it.cwmp.client.controller.actors/ClientControllerActor/openOneTimeServerAndGetAddress" signature="()V" line-rate="0.00" branch-rate="0.00" complexity="0">
                            <lines>
                                <line number="250" hits="0" branch="false"/>
                                <line number="250" hits="0" branch="false"/>
                                <line number="245" hits="0" branch="false"/>
                                <line number="245" hits="0" branch="false"/>
                                <line number="250" hits="0" branch="false"/>
                                <line number="250" hits="0" branch="false"/>
                                <line number="250" hits="0" branch="false"/>
                                <line number="250" hits="0" branch="false"/>
                                <line number="240" hits="0" branch="false"/>
                                <line number="245" hits="0" branch="false"/>
                            </lines>
</method>
                        <method 
                        name="it.cwmp.client.controller.actors/ClientControllerActor/playerAddressRetrievalBehaviour" signature="()V" line-rate="0.00" branch-rate="0.00" complexity="0">
                            <lines>
                                <line number="82" hits="0" branch="false"/>
                                <line number="79" hits="0" branch="false"/>
                                <line number="82" hits="0" branch="false"/>
                                <line number="81" hits="0" branch="false"/>
                                <line number="82" hits="0" branch="false"/>
                            </lines>
</method>
                        <method 
                        name="it.cwmp.client.controller.actors/ClientControllerActor/onAuthenticationFailure" signature="()V" line-rate="0.00" branch-rate="0.00" complexity="0">
                            <lines>
                                <line number="132" hits="0" branch="false"/>
                                <line number="132" hits="0" branch="false"/>
                                <line number="132" hits="0" branch="false"/>
                                <line number="132" hits="0" branch="false"/>
                                <line number="132" hits="0" branch="false"/>
                                <line number="132" hits="0" branch="false"/>
                                <line number="132" hits="0" branch="false"/>
                            </lines>
</method>
                        <method 
                        name="it.cwmp.client.controller.actors/ClientControllerActor/&lt;none&gt;" signature="()V" line-rate="0.00" branch-rate="0.00" complexity="0">
                            <lines>
                                <line number="282" hits="0" branch="false"/>
                                <line number="34" hits="0" branch="false"/>
                                <line number="274" hits="0" branch="false"/>
                                <line number="278" hits="0" branch="false"/>
                                <line number="276" hits="0" branch="false"/>
                                <line number="281" hits="0" branch="false"/>
                                <line number="273" hits="0" branch="false"/>
                                <line number="275" hits="0" branch="false"/>
                                <line number="279" hits="0" branch="false"/>
                            </lines>
</method>
                        <method 
                        name="it.cwmp.client.controller.actors/ClientControllerActor/onRoomEnteringSuccess" signature="()V" line-rate="0.00" branch-rate="0.00" complexity="0">
                            <lines>
                                <line number="202" hits="0" branch="false"/>
                                <line number="202" hits="0" branch="false"/>
                                <line number="203" hits="0" branch="false"/>
                                <line number="202" hits="0" branch="false"/>
                                <line number="203" hits="0" branch="false"/>
                                <line number="203" hits="0" branch="false"/>
                                <line number="202" hits="0" branch="false"/>
                                <line number="202" hits="0" branch="false"/>
                                <line number="203" hits="0" branch="false"/>
                                <line number="202" hits="0" branch="false"/>
                            </lines>
</method>
                        <method 
                        name="it.cwmp.client.controller.actors/ClientControllerActor/preStart" signature="()V" line-rate="0.00" branch-rate="0.00" complexity="0">
                            <lines>
                                <line number="59" hits="0" branch="false"/>
                                <line number="63" hits="0" branch="false"/>
                                <line number="67" hits="0" branch="false"/>
                                <line number="70" hits="0" branch="false"/>
                                <line number="64" hits="0" branch="false"/>
                                <line number="60" hits="0" branch="false"/>
                                <line number="71" hits="0" branch="false"/>
                                <line number="67" hits="0" branch="false"/>
                                <line number="60" hits="0" branch="false"/>
                                <line number="64" hits="0" branch="false"/>
                                <line number="71" hits="0" branch="false"/>
                                <line number="60" hits="0" branch="false"/>
                                <line number="63" hits="0" branch="false"/>
                                <line number="67" hits="0" branch="false"/>
                                <line number="71" hits="0" branch="false"/>
                                <line number="59" hits="0" branch="false"/>
                                <line number="70" hits="0" branch="false"/>
                                <line number="64" hits="0" branch="false"/>
                                <line number="59" hits="0" branch="false"/>
                                <line number="70" hits="0" branch="false"/>
                                <line number="63" hits="0" branch="false"/>
                                <line number="70" hits="0" branch="false"/>
                                <line number="60" hits="0" branch="false"/>
                                <line number="64" hits="0" branch="false"/>
                                <line number="67" hits="0" branch="false"/>
                                <line number="71" hits="0" branch="false"/>
                                <line number="56" hits="0" branch="false"/>
                                <line number="63" hits="0" branch="false"/>
                                <line number="59" hits="0" branch="false"/>
                            </lines>
</method>
                        <method 
                        name="it.cwmp.client.controller.actors/ClientControllerActor/authenticationGUIBehaviour" signature="()V" line-rate="0.00" branch-rate="0.00" complexity="0">
                            <lines>
                                <line number="94" hits="0" branch="false"/>
                                <line number="88" hits="0" branch="false"/>
                                <line number="91" hits="0" branch="false"/>
                                <line number="94" hits="0" branch="false"/>
                                <line number="94" hits="0" branch="false"/>
                                <line number="91" hits="0" branch="false"/>
                                <line number="91" hits="0" branch="false"/>
                            </lines>
</method>
                        <method 
                        name="it.cwmp.client.controller.actors/ClientControllerActor/authenticationApiReceiverBehaviour" signature="()V" line-rate="0.00" branch-rate="0.00" complexity="0">
                            <lines>
                                <line number="102" hits="0" branch="false"/>
                                <line number="100" hits="0" branch="false"/>
                                <line number="101" hits="0" branch="false"/>
                                <line number="104" hits="0" branch="false"/>
                                <line number="103" hits="0" branch="false"/>
                            </lines>
</method>
                        <method 
                        name="it.cwmp.client.controller.actors/ClientControllerActor/onRoomExitingSuccess" signature="()V" line-rate="0.00" branch-rate="0.00" complexity="0">
                            <lines>
                                <line number="221" hits="0" branch="false"/>
                            </lines>
</method>
                        <method 
                        name="it.cwmp.client.controller.actors/ClientControllerActor/onSuccessFindingOpponents" signature="()V" line-rate="0.00" branch-rate="0.00" complexity="0">
                            <lines>
                                <line number="263" hits="0" branch="false"/>
                                <line number="264" hits="0" branch="false"/>
                                <line number="264" hits="0" branch="false"/>
                                <line number="260" hits="0" branch="false"/>
                                <line number="262" hits="0" branch="false"/>
                                <line number="265" hits="0" branch="false"/>
                                <line number="264" hits="0" branch="false"/>
                                <line number="263" hits="0" branch="false"/>
                                <line number="263" hits="0" branch="false"/>
                                <line number="260" hits="0" branch="false"/>
                                <line number="260" hits="0" branch="false"/>
                                <line number="265" hits="0" branch="false"/>
                                <line number="260" hits="0" branch="false"/>
                                <line number="265" hits="0" branch="false"/>
                                <line number="262" hits="0" branch="false"/>
                                <line number="265" hits="0" branch="false"/>
                                <line number="263" hits="0" branch="false"/>
                                <line number="264" hits="0" branch="false"/>
                            </lines>
</method>
                        <method 
                        name="it.cwmp.client.controller.actors/ClientControllerActor/setAuthenticationBehaviourAndShowGUI" signature="()V" line-rate="0.00" branch-rate="0.00" complexity="0">
                            <lines>
                                <line number="194" hits="0" branch="false"/>
                                <line number="194" hits="0" branch="false"/>
                                <line number="195" hits="0" branch="false"/>
                                <line number="195" hits="0" branch="false"/>
                                <line number="194" hits="0" branch="false"/>
                                <line number="195" hits="0" branch="false"/>
                                <line number="195" hits="0" branch="false"/>
                            </lines>
</method>
                        <method 
                        name="it.cwmp.client.controller.actors/ClientControllerActor/onAuthenticationSuccess" signature="()V" line-rate="0.00" branch-rate="0.00" complexity="0">
                            <lines>
                                <line number="111" hits="0" branch="false"/>
                                <line number="114" hits="0" branch="false"/>
                                <line number="111" hits="0" branch="false"/>
                                <line number="114" hits="0" branch="false"/>
                                <line number="111" hits="0" branch="false"/>
                                <line number="114" hits="0" branch="false"/>
                                <line number="111" hits="0" branch="false"/>
                                <line number="111" hits="0" branch="false"/>
                                <line number="114" hits="0" branch="false"/>
                                <line number="111" hits="0" branch="false"/>
                                <line number="113" hits="0" branch="false"/>
                                <line number="112" hits="0" branch="false"/>
                            </lines>
</method>
                        <method 
                        name="it.cwmp.client.controller.actors/ClientControllerActor/roomsApiReceiverBehaviour" signature="()V" line-rate="0.00" branch-rate="0.00" complexity="0">
                            <lines>
                                <line number="165" hits="0" branch="false"/>
                                <line number="166" hits="0" branch="false"/>
                                <line number="176" hits="0" branch="false"/>
                                <line number="166" hits="0" branch="false"/>
                                <line number="175" hits="0" branch="false"/>
                                <line number="165" hits="0" branch="false"/>
                                <line number="168" hits="0" branch="false"/>
                                <line number="166" hits="0" branch="false"/>
                                <line number="171" hits="0" branch="false"/>
                                <line number="166" hits="0" branch="false"/>
                                <line number="174" hits="0" branch="false"/>
                                <line number="166" hits="0" branch="false"/>
                                <line number="165" hits="0" branch="false"/>
                                <line number="164" hits="0" branch="false"/>
                                <line number="166" hits="0" branch="false"/>
                                <line number="170" hits="0" branch="false"/>
                                <line number="169" hits="0" branch="false"/>
                                <line number="165" hits="0" branch="false"/>
                                <line number="166" hits="0" branch="false"/>
                                <line number="173" hits="0" branch="false"/>
                            </lines>
</method>
                        <method 
                        name="it.cwmp.client.controller.actors/ClientControllerActor/receive" signature="()V" line-rate="0.00" branch-rate="0.00" complexity="0">
                            <lines>
                                <line number="74" hits="0" branch="false"/>
                            </lines>
</method>
                        <method 
                        name="it.cwmp.client.controller.actors/ClientControllerActor/roomsGUIBehaviour" signature="()V" line-rate="0.00" branch-rate="0.00" complexity="0">
                            <lines>
                                <line number="148" hits="0" branch="false"/>
                                <line number="151" hits="0" branch="false"/>
                                <line number="140" hits="0" branch="false"/>
                                <line number="144" hits="0" branch="false"/>
                                <line number="144" hits="0" branch="false"/>
                                <line number="140" hits="0" branch="false"/>
                                <line number="140" hits="0" branch="false"/>
                                <line number="144" hits="0" branch="false"/>
                                <line number="154" hits="0" branch="false"/>
                                <line number="148" hits="0" branch="false"/>
                                <line number="148" hits="0" branch="false"/>
                                <line number="154" hits="0" branch="false"/>
                                <line number="144" hits="0" branch="false"/>
                                <line number="148" hits="0" branch="false"/>
                                <line number="140" hits="0" branch="false"/>
                                <line number="148" hits="0" branch="false"/>
                                <line number="151" hits="0" branch="false"/>
                                <line number="137" hits="0" branch="false"/>
                                <line number="144" hits="0" branch="false"/>
                                <line number="144" hits="0" branch="false"/>
                                <line number="151" hits="0" branch="false"/>
                                <line number="157" hits="0" branch="false"/>
                                <line number="148" hits="0" branch="false"/>
                                <line number="140" hits="0" branch="false"/>
                                <line number="151" hits="0" branch="false"/>
                                <line number="144" hits="0" branch="false"/>
                                <line number="148" hits="0" branch="false"/>
                                <line number="154" hits="0" branch="false"/>
                                <line number="144" hits="0" branch="false"/>
                                <line number="144" hits="0" branch="false"/>
                                <line number="148" hits="0" branch="false"/>
                                <line number="148" hits="0" branch="false"/>
                                <line number="154" hits="0" branch="false"/>
                                <line number="144" hits="0" branch="false"/>
                                <line number="154" hits="0" branch="false"/>
                                <line number="148" hits="0" branch="false"/>
                                <line number="151" hits="0" branch="false"/>
                            </lines>
</method>
                        <method 
                        name="it.cwmp.client.controller.actors/ClientControllerActor/onRoomEnteringFailure" signature="()V" line-rate="0.00" branch-rate="0.00" complexity="0">
                            <lines>
                                <line number="213" hits="0" branch="false"/>
                                <line number="213" hits="0" branch="false"/>
                                <line number="213" hits="0" branch="false"/>
                                <line number="213" hits="0" branch="false"/>
                                <line number="213" hits="0" branch="false"/>
                                <line number="213" hits="0" branch="false"/>
                                <line number="213" hits="0" branch="false"/>
                                <line number="212" hits="0" branch="false"/>
                            </lines>
</method>
                        <method 
                        name="it.cwmp.client.controller.actors/ClientControllerActor/setRoomBehaviourAndShowRoomsView" signature="()V" line-rate="0.00" branch-rate="0.00" complexity="0">
                            <lines>
                                <line number="123" hits="0" branch="false"/>
                                <line number="122" hits="0" branch="false"/>
                                <line number="122" hits="0" branch="false"/>
                                <line number="123" hits="0" branch="false"/>
                                <line number="122" hits="0" branch="false"/>
                                <line number="123" hits="0" branch="false"/>
                                <line number="123" hits="0" branch="false"/>
                            </lines>
</method>
                    </methods>
                    <lines>
                        <line number="74" hits="0" branch="false"/>
                        <line number="94" hits="0" branch="false"/>
                        <line number="165" hits="0" branch="false"/>
                        <line number="166" hits="0" branch="false"/>
                        <line number="148" hits="0" branch="false"/>
                        <line number="123" hits="0" branch="false"/>
                        <line number="151" hits="0" branch="false"/>
                        <line number="140" hits="0" branch="false"/>
                        <line number="202" hits="0" branch="false"/>
                        <line number="144" hits="0" branch="false"/>
                        <line number="111" hits="0" branch="false"/>
                        <line number="114" hits="0" branch="false"/>
                        <line number="194" hits="0" branch="false"/>
                        <line number="59" hits="0" branch="false"/>
                        <line number="63" hits="0" branch="false"/>
                        <line number="67" hits="0" branch="false"/>
                        <line number="176" hits="0" branch="false"/>
                        <line number="70" hits="0" branch="false"/>
                        <line number="64" hits="0" branch="false"/>
                        <line number="144" hits="0" branch="false"/>
                        <line number="132" hits="0" branch="false"/>
                        <line number="140" hits="0" branch="false"/>
                        <line number="111" hits="0" branch="false"/>
                        <line number="122" hits="0" branch="false"/>
                        <line number="82" hits="0" branch="false"/>
                        <line number="60" hits="0" branch="false"/>
                        <line number="88" hits="0" branch="false"/>
                        <line number="71" hits="0" branch="false"/>
                        <line number="67" hits="0" branch="false"/>
                        <line number="282" hits="0" branch="false"/>
                        <line number="263" hits="0" branch="false"/>
                        <line number="264" hits="0" branch="false"/>
                        <line number="60" hits="0" branch="false"/>
                        <line number="34" hits="0" branch="false"/>
                        <line number="213" hits="0" branch="false"/>
                        <line number="274" hits="0" branch="false"/>
                        <line number="194" hits="0" branch="false"/>
                        <line number="202" hits="0" branch="false"/>
                        <line number="166" hits="0" branch="false"/>
                        <line number="175" hits="0" branch="false"/>
                        <line number="264" hits="0" branch="false"/>
                        <line number="250" hits="0" branch="false"/>
                        <line number="260" hits="0" branch="false"/>
                        <line number="140" hits="0" branch="false"/>
                        <line number="144" hits="0" branch="false"/>
                        <line number="213" hits="0" branch="false"/>
                        <line number="278" hits="0" branch="false"/>
                        <line number="132" hits="0" branch="false"/>
                        <line number="203" hits="0" branch="false"/>
                        <line number="154" hits="0" branch="false"/>
                        <line number="262" hits="0" branch="false"/>
                        <line number="265" hits="0" branch="false"/>
                        <line number="114" hits="0" branch="false"/>
                        <line number="250" hits="0" branch="false"/>
                        <line number="195" hits="0" branch="false"/>
                        <line number="165" hits="0" branch="false"/>
                        <line number="168" hits="0" branch="false"/>
                        <line number="148" hits="0" branch="false"/>
                        <line number="185" hits="0" branch="false"/>
                        <line number="245" hits="0" branch="false"/>
                        <line number="79" hits="0" branch="false"/>
                        <line number="102" hits="0" branch="false"/>
                        <line number="202" hits="0" branch="false"/>
                        <line number="166" hits="0" branch="false"/>
                        <line number="203" hits="0" branch="false"/>
                        <line number="171" hits="0" branch="false"/>
                        <line number="64" hits="0" branch="false"/>
                        <line number="71" hits="0" branch="false"/>
                        <line number="148" hits="0" branch="false"/>
                        <line number="154" hits="0" branch="false"/>
                        <line number="111" hits="0" branch="false"/>
                        <line number="122" hits="0" branch="false"/>
                        <line number="132" hits="0" branch="false"/>
                        <line number="60" hits="0" branch="false"/>
                        <line number="144" hits="0" branch="false"/>
                        <line number="148" hits="0" branch="false"/>
                        <line number="221" hits="0" branch="false"/>
                        <line number="185" hits="0" branch="false"/>
                        <line number="140" hits="0" branch="false"/>
                        <line number="114" hits="0" branch="false"/>
                        <line number="123" hits="0" branch="false"/>
                        <line number="63" hits="0" branch="false"/>
                        <line number="67" hits="0" branch="false"/>
                        <line number="148" hits="0" branch="false"/>
                        <line number="71" hits="0" branch="false"/>
                        <line number="151" hits="0" branch="false"/>
                        <line number="137" hits="0" branch="false"/>
                        <line number="59" hits="0" branch="false"/>
                        <line number="144" hits="0" branch="false"/>
                        <line number="91" hits="0" branch="false"/>
                        <line number="100" hits="0" branch="false"/>
                        <line number="82" hits="0" branch="false"/>
                        <line number="276" hits="0" branch="false"/>
                        <line number="70" hits="0" branch="false"/>
                        <line number="94" hits="0" branch="false"/>
                        <line number="64" hits="0" branch="false"/>
                        <line number="111" hits="0" branch="false"/>
                        <line number="59" hits="0" branch="false"/>
                        <line number="264" hits="0" branch="false"/>
                        <line number="281" hits="0" branch="false"/>
                        <line number="245" hits="0" branch="false"/>
                        <line number="195" hits="0" branch="false"/>
                        <line number="263" hits="0" branch="false"/>
                        <line number="203" hits="0" branch="false"/>
                        <line number="213" hits="0" branch="false"/>
                        <line number="185" hits="0" branch="false"/>
                        <line number="144" hits="0" branch="false"/>
                        <line number="166" hits="0" branch="false"/>
                        <line number="132" hits="0" branch="false"/>
                        <line number="151" hits="0" branch="false"/>
                        <line number="157" hits="0" branch="false"/>
                        <line number="263" hits="0" branch="false"/>
                        <line number="273" hits="0" branch="false"/>
                        <line number="148" hits="0" branch="false"/>
                        <line number="250" hits="0" branch="false"/>
                        <line number="260" hits="0" branch="false"/>
                        <line number="202" hits="0" branch="false"/>
                        <line number="213" hits="0" branch="false"/>
                        <line number="174" hits="0" branch="false"/>
                        <line number="194" hits="0" branch="false"/>
                        <line number="260" hits="0" branch="false"/>
                        <line number="132" hits="0" branch="false"/>
                        <line number="94" hits="0" branch="false"/>
                        <line number="140" hits="0" branch="false"/>
                        <line number="111" hits="0" branch="false"/>
                        <line number="202" hits="0" branch="false"/>
                        <line number="166" hits="0" branch="false"/>
                        <line number="213" hits="0" branch="false"/>
                        <line number="70" hits="0" branch="false"/>
                        <line number="81" hits="0" branch="false"/>
                        <line number="151" hits="0" branch="false"/>
                        <line number="165" hits="0" branch="false"/>
                        <line number="265" hits="0" branch="false"/>
                        <line number="63" hits="0" branch="false"/>
                        <line number="114" hits="0" branch="false"/>
                        <line number="164" hits="0" branch="false"/>
                        <line number="195" hits="0" branch="false"/>
                        <line number="144" hits="0" branch="false"/>
                        <line number="148" hits="0" branch="false"/>
                        <line number="250" hits="0" branch="false"/>
                        <line number="154" hits="0" branch="false"/>
                        <line number="144" hits="0" branch="false"/>
                        <line number="166" hits="0" branch="false"/>
                        <line number="122" hits="0" branch="false"/>
                        <line number="132" hits="0" branch="false"/>
                        <line number="101" hits="0" branch="false"/>
                        <line number="111" hits="0" branch="false"/>
                        <line number="70" hits="0" branch="false"/>
                        <line number="82" hits="0" branch="false"/>
                        <line number="60" hits="0" branch="false"/>
                        <line number="64" hits="0" branch="false"/>
                        <line number="144" hits="0" branch="false"/>
                        <line number="148" hits="0" branch="false"/>
                        <line number="170" hits="0" branch="false"/>
                        <line number="123" hits="0" branch="false"/>
                        <line number="91" hits="0" branch="false"/>
                        <line number="104" hits="0" branch="false"/>
                        <line number="67" hits="0" branch="false"/>
                        <line number="113" hits="0" branch="false"/>
                        <line number="71" hits="0" branch="false"/>
                        <line number="56" hits="0" branch="false"/>
                        <line number="63" hits="0" branch="false"/>
                        <line number="213" hits="0" branch="false"/>
                        <line number="250" hits="0" branch="false"/>
                        <line number="275" hits="0" branch="false"/>
                        <line number="260" hits="0" branch="false"/>
                        <line number="265" hits="0" branch="false"/>
                        <line number="59" hits="0" branch="false"/>
                        <line number="169" hits="0" branch="false"/>
                        <line number="203" hits="0" branch="false"/>
                        <line number="195" hits="0" branch="false"/>
                        <line number="165" hits="0" branch="false"/>
                        <line number="279" hits="0" branch="false"/>
                        <line number="148" hits="0" branch="false"/>
                        <line number="250" hits="0" branch="false"/>
                        <line number="154" hits="0" branch="false"/>
                        <line number="262" hits="0" branch="false"/>
                        <line number="265" hits="0" branch="false"/>
                        <line number="213" hits="0" branch="false"/>
                        <line number="185" hits="0" branch="false"/>
                        <line number="132" hits="0" branch="false"/>
                        <line number="103" hits="0" branch="false"/>
                        <line number="144" hits="0" branch="false"/>
                        <line number="212" hits="0" branch="false"/>
                        <line number="240" hits="0" branch="false"/>
                        <line number="123" hits="0" branch="false"/>
                        <line number="91" hits="0" branch="false"/>
                        <line number="154" hits="0" branch="false"/>
                        <line number="263" hits="0" branch="false"/>
                        <line number="112" hits="0" branch="false"/>
                        <line number="186" hits="0" branch="false"/>
                        <line number="202" hits="0" branch="false"/>
                        <line number="166" hits="0" branch="false"/>
                        <line number="148" hits="0" branch="false"/>
                        <line number="264" hits="0" branch="false"/>
                        <line number="173" hits="0" branch="false"/>
                        <line number="151" hits="0" branch="false"/>
                        <line number="245" hits="0" branch="false"/>
                    </lines>
</class>
                <class 
                name="it.cwmp.client.controller.actors.ApiClientActor" filename="src/main/scala/it/cwmp/client/controller/actors/ApiClientActor.scala" line-rate="1.00" branch-rate="1.00" complexity="0">
                    <methods>
                        <method 
                        name="it.cwmp.client.controller.actors/ApiClientActor/authenticationBehaviour" signature="()V" line-rate="1.00" branch-rate="1.00" complexity="0">
                            <lines>
                                <line number="28" hits="1" branch="false"/>
                                <line number="34" hits="1" branch="false"/>
                                <line number="27" hits="1" branch="false"/>
                                <line number="33" hits="1" branch="false"/>
                                <line number="25" hits="1" branch="false"/>
                                <line number="34" hits="1" branch="false"/>
                                <line number="28" hits="1" branch="false"/>
                            </lines>
</method>
                        <method 
                        name="it.cwmp.client.controller.actors/ApiClientActor/replyWith" signature="()V" line-rate="1.00" branch-rate="1.00" complexity="0">
                            <lines>
                                <line number="87" hits="1" branch="false"/>
                                <line number="86" hits="1" branch="false"/>
                            </lines>
</method>
                        <method 
                        name="it.cwmp.client.controller.actors/ApiClientActor/receive" signature="()V" line-rate="1.00" branch-rate="1.00" complexity="0">
                            <lines>
                                <line number="20" hits="1" branch="false"/>
                                <line number="20" hits="1" branch="false"/>
                            </lines>
</method>
                        <method 
                        name="it.cwmp.client.controller.actors/ApiClientActor/roomsBehaviour" signature="()V" line-rate="1.00" branch-rate="1.00" complexity="0">
                            <lines>
                                <line number="51" hits="1" branch="false"/>
                                <line number="69" hits="1" branch="false"/>
                                <line number="57" hits="1" branch="false"/>
                                <line number="43" hits="1" branch="false"/>
                                <line number="45" hits="1" branch="false"/>
                                <line number="63" hits="1" branch="false"/>
                                <line number="64" hits="1" branch="false"/>
                                <line number="46" hits="1" branch="false"/>
                                <line number="52" hits="1" branch="false"/>
                                <line number="70" hits="1" branch="false"/>
                                <line number="58" hits="1" branch="false"/>
                                <line number="58" hits="1" branch="false"/>
                                <line number="46" hits="1" branch="false"/>
                                <line number="64" hits="1" branch="false"/>
                                <line number="52" hits="1" branch="false"/>
                                <line number="70" hits="1" branch="false"/>
                            </lines>
</method>
                    </methods>
                    <lines>
                        <line number="51" hits="1" branch="false"/>
                        <line number="69" hits="1" branch="false"/>
                        <line number="28" hits="1" branch="false"/>
                        <line number="57" hits="1" branch="false"/>
                        <line number="43" hits="1" branch="false"/>
                        <line number="34" hits="1" branch="false"/>
                        <line number="20" hits="1" branch="false"/>
                        <line number="45" hits="1" branch="false"/>
                        <line number="63" hits="1" branch="false"/>
                        <line number="87" hits="1" branch="false"/>
                        <line number="64" hits="1" branch="false"/>
                        <line number="27" hits="1" branch="false"/>
                        <line number="46" hits="1" branch="false"/>
                        <line number="33" hits="1" branch="false"/>
                        <line number="52" hits="1" branch="false"/>
                        <line number="70" hits="1" branch="false"/>
                        <line number="58" hits="1" branch="false"/>
                        <line number="25" hits="1" branch="false"/>
                        <line number="34" hits="1" branch="false"/>
                        <line number="58" hits="1" branch="false"/>
                        <line number="86" hits="1" branch="false"/>
                        <line number="46" hits="1" branch="false"/>
                        <line number="64" hits="1" branch="false"/>
                        <line number="20" hits="1" branch="false"/>
                        <line number="28" hits="1" branch="false"/>
                        <line number="52" hits="1" branch="false"/>
                        <line number="70" hits="1" branch="false"/>
                    </lines>
</class>
            </classes>
        </package>
        <package name="it.cwmp.client.controller.actors.common" line-rate="0.00" branch-rate="0.00" complexity="0">
            <classes>
                <class 
                name="it.cwmp.client.controller.actors.common.ActorViewVisibilityManagement" filename="src/main/scala/it/cwmp/client/controller/actors/common/ActorViewVisibilityManagement.scala" line-rate="0.00" branch-rate="0.00" complexity="0">
                    <methods>
                        <method 
                        name="it.cwmp.client.controller.actors.common/ActorViewVisibilityManagement/visibilityBehaviour" signature="()V" line-rate="0.00" branch-rate="0.00" complexity="0">
                            <lines>
                                <line number="26" hits="0" branch="false"/>
                                <line number="25" hits="0" branch="false"/>
                                <line number="24" hits="0" branch="false"/>
                            </lines>
</method>
                        <method 
                        name="it.cwmp.client.controller.actors.common/ActorViewVisibilityManagement/onShowGUI" signature="()V" line-rate="0.00" branch-rate="0.00" complexity="0">
                            <lines>
                                <line number="32" hits="0" branch="false"/>
                                <line number="32" hits="0" branch="false"/>
                            </lines>
</method>
                        <method 
                        name="it.cwmp.client.controller.actors.common/ActorViewVisibilityManagement/onHideGUI" signature="()V" line-rate="0.00" branch-rate="0.00" complexity="0">
                            <lines>
                                <line number="37" hits="0" branch="false"/>
                                <line number="37" hits="0" branch="false"/>
                            </lines>
</method>
                    </methods>
                    <lines>
                        <line number="26" hits="0" branch="false"/>
                        <line number="32" hits="0" branch="false"/>
                        <line number="37" hits="0" branch="false"/>
                        <line number="25" hits="0" branch="false"/>
                        <line number="32" hits="0" branch="false"/>
                        <line number="24" hits="0" branch="false"/>
                        <line number="37" hits="0" branch="false"/>
                    </lines>
</class>
                <class 
                name="it.cwmp.client.controller.actors.common.ActorAlertManagement" filename="src/main/scala/it/cwmp/client/controller/actors/common/ActorAlertManagement.scala" line-rate="0.00" branch-rate="0.00" complexity="0">
                    <methods>
                        <method 
                        name="it.cwmp.client.controller.actors.common/ActorAlertManagement/alertBehaviour" signature="()V" line-rate="0.00" branch-rate="0.00" complexity="0">
                            <lines>
                                <line number="27" hits="0" branch="false"/>
                                <line number="26" hits="0" branch="false"/>
                                <line number="25" hits="0" branch="false"/>
                            </lines>
</method>
                        <method 
                        name="it.cwmp.client.controller.actors.common/ActorAlertManagement/onErrorAlertReceived" signature="()V" line-rate="0.00" branch-rate="0.00" complexity="0">
                            <lines>
                                <line number="46" hits="0" branch="false"/>
                                <line number="46" hits="0" branch="false"/>
                                <line number="46" hits="0" branch="false"/>
                            </lines>
</method>
                        <method 
                        name="it.cwmp.client.controller.actors.common/ActorAlertManagement/onInfoAlertReceived" signature="()V" line-rate="0.00" branch-rate="0.00" complexity="0">
                            <lines>
                                <line number="37" hits="0" branch="false"/>
                                <line number="37" hits="0" branch="false"/>
                                <line number="37" hits="0" branch="false"/>
                            </lines>
</method>
                    </methods>
                    <lines>
                        <line number="27" hits="0" branch="false"/>
                        <line number="37" hits="0" branch="false"/>
                        <line number="46" hits="0" branch="false"/>
                        <line number="46" hits="0" branch="false"/>
                        <line number="26" hits="0" branch="false"/>
                        <line number="37" hits="0" branch="false"/>
                        <line number="25" hits="0" branch="false"/>
                        <line number="37" hits="0" branch="false"/>
                        <line number="46" hits="0" branch="false"/>
                    </lines>
</class>
            </classes>
        </package>
        <package name="it.cwmp.client.controller.actors.view" line-rate="0.00" branch-rate="0.00" complexity="0">
            <classes>
                <class 
                name="it.cwmp.client.controller.actors.view.GameViewActor" filename="src/main/scala/it/cwmp/client/controller/actors/view/GameViewActor.scala" line-rate="0.00" branch-rate="0.00" complexity="0">
                    <methods>
                        <method 
                        name="it.cwmp.client.controller.actors.view/GameViewActor/showGUIBehaviour" signature="()V" line-rate="0.00" branch-rate="0.00" complexity="0">
                            <lines>
                                <line number="61" hits="0" branch="false"/>
                                <line number="56" hits="0" branch="false"/>
                                <line number="62" hits="0" branch="false"/>
                                <line number="58" hits="0" branch="false"/>
                                <line number="65" hits="0" branch="false"/>
                                <line number="65" hits="0" branch="false"/>
                                <line number="65" hits="0" branch="false"/>
                                <line number="61" hits="0" branch="false"/>
                                <line number="61" hits="0" branch="false"/>
                                <line number="61" hits="0" branch="false"/>
                                <line number="60" hits="0" branch="false"/>
                                <line number="61" hits="0" branch="false"/>
                                <line number="65" hits="0" branch="false"/>
                            </lines>
</method>
                        <method 
                        name="it.cwmp.client.controller.actors.view/GameViewActor/gameEnded" signature="()V" line-rate="0.00" branch-rate="0.00" complexity="0">
                            <lines>
                                <line number="165" hits="0" branch="false"/>
                                <line number="163" hits="0" branch="false"/>
                                <line number="164" hits="0" branch="false"/>
                                <line number="164" hits="0" branch="false"/>
                                <line number="165" hits="0" branch="false"/>
                                <line number="163" hits="0" branch="false"/>
                                <line number="163" hits="0" branch="false"/>
                                <line number="164" hits="0" branch="false"/>
                            </lines>
</method>
                        <method 
                        name="it.cwmp.client.controller.actors.view/GameViewActor/&lt;none&gt;" signature="()V" line-rate="0.00" branch-rate="0.00" complexity="0">
                            <lines>
                                <line number="31" hits="0" branch="false"/>
                                <line number="176" hits="0" branch="false"/>
                                <line number="33" hits="0" branch="false"/>
                                <line number="220" hits="0" branch="false"/>
                                <line number="33" hits="0" branch="false"/>
                                <line number="224" hits="0" branch="false"/>
                                <line number="33" hits="0" branch="false"/>
                                <line number="223" hits="0" branch="false"/>
                                <line number="181" hits="0" branch="false"/>
                                <line number="33" hits="0" branch="false"/>
                                <line number="31" hits="0" branch="false"/>
                                <line number="221" hits="0" branch="false"/>
                            </lines>
</method>
                        <method 
                        name="it.cwmp.client.controller.actors.view/GameViewActor/restartSynchronizationSchedule" signature="()V" line-rate="0.00" branch-rate="0.00" complexity="0">
                            <lines>
                                <line number="150" hits="0" branch="false"/>
                                <line number="152" hits="0" branch="false"/>
                                <line number="153" hits="0" branch="false"/>
                                <line number="150" hits="0" branch="false"/>
                                <line number="150" hits="0" branch="false"/>
                                <line number="153" hits="0" branch="false"/>
                                <line number="153" hits="0" branch="false"/>
                                <line number="150" hits="0" branch="false"/>
                                <line number="153" hits="0" branch="false"/>
                                <line number="150" hits="0" branch="false"/>
                                <line number="152" hits="0" branch="false"/>
                                <line number="153" hits="0" branch="false"/>
                            </lines>
</method>
                        <method 
                        name="it.cwmp.client.controller.actors.view/GameViewActor/findCellNearTo" signature="()V" line-rate="0.00" branch-rate="0.00" complexity="0">
                            <lines>
                                <line number="234" hits="0" branch="false"/>
                                <line number="234" hits="0" branch="false"/>
                                <line number="234" hits="0" branch="false"/>
                                <line number="234" hits="0" branch="false"/>
                            </lines>
</method>
                        <method 
                        name="it.cwmp.client.controller.actors.view/GameViewActor/canAddAttack" signature="()V" line-rate="0.00" branch-rate="0.00" complexity="0">
                            <lines>
                                <line number="140" hits="0" branch="false"/>
                                <line number="140" hits="0" branch="false"/>
                                <line number="143" hits="0" branch="false"/>
                                <line number="141" hits="0" branch="false"/>
                                <line number="142" hits="0" branch="false"/>
                                <line number="142" hits="0" branch="false"/>
                                <line number="143" hits="0" branch="false"/>
                                <line number="140" hits="0" branch="false"/>
                            </lines>
</method>
                        <method 
                        name="it.cwmp.client.controller.actors.view/GameViewActor/findTentaclesNearTo" signature="()V" line-rate="0.00" branch-rate="0.00" complexity="0">
                            <lines>
[...]
                    <lines>
                        <line number="95" hits="0" branch="false"/>
                        <line number="53" hits="0" branch="false"/>
                        <line number="108" hits="0" branch="false"/>
                        <line number="70" hits="0" branch="false"/>
                        <line number="50" hits="0" branch="false"/>
                        <line number="88" hits="0" branch="false"/>
                        <line number="108" hits="0" branch="false"/>
                        <line number="91" hits="0" branch="false"/>
                        <line number="96" hits="0" branch="false"/>
                        <line number="65" hits="0" branch="false"/>
                        <line number="34" hits="0" branch="false"/>
                        <line number="72" hits="0" branch="false"/>
                        <line number="37" hits="0" branch="false"/>
                        <line number="51" hits="0" branch="false"/>
                        <line number="38" hits="0" branch="false"/>
                        <line number="93" hits="0" branch="false"/>
                        <line number="97" hits="0" branch="false"/>
                        <line number="52" hits="0" branch="false"/>
                        <line number="68" hits="0" branch="false"/>
                        <line number="35" hits="0" branch="false"/>
                        <line number="73" hits="0" branch="false"/>
                        <line number="30" hits="0" branch="false"/>
                        <line number="117" hits="0" branch="false"/>
                        <line number="36" hits="0" branch="false"/>
                        <line number="32" hits="0" branch="false"/>
                        <line number="96" hits="0" branch="false"/>
                        <line number="66" hits="0" branch="false"/>
                        <line number="117" hits="0" branch="false"/>
                        <line number="93" hits="0" branch="false"/>
                        <line number="73" hits="0" branch="false"/>
                        <line number="53" hits="0" branch="false"/>
                        <line number="94" hits="0" branch="false"/>
                        <line number="108" hits="0" branch="false"/>
                        <line number="86" hits="0" branch="false"/>
                        <line number="49" hits="0" branch="false"/>
                        <line number="31" hits="0" branch="false"/>
                        <line number="36" hits="0" branch="false"/>
                        <line number="70" hits="0" branch="false"/>
                        <line number="108" hits="0" branch="false"/>
                        <line number="37" hits="0" branch="false"/>
                        <line number="51" hits="0" branch="false"/>
                        <line number="34" hits="0" branch="false"/>
                        <line number="96" hits="0" branch="false"/>
                        <line number="71" hits="0" branch="false"/>
                        <line number="89" hits="0" branch="false"/>
                        <line number="65" hits="0" branch="false"/>
                        <line number="38" hits="0" branch="false"/>
                        <line number="52" hits="0" branch="false"/>
                        <line number="21" hits="0" branch="false"/>
                        <line number="35" hits="0" branch="false"/>
                        <line number="108" hits="0" branch="false"/>
                        <line number="95" hits="0" branch="false"/>
                        <line number="52" hits="0" branch="false"/>
                        <line number="66" hits="0" branch="false"/>
                        <line number="35" hits="0" branch="false"/>
                        <line number="38" hits="0" branch="false"/>
                        <line number="96" hits="0" branch="false"/>
                        <line number="92" hits="0" branch="false"/>
                        <line number="117" hits="0" branch="false"/>
                        <line number="72" hits="0" branch="false"/>
                        <line number="97" hits="0" branch="false"/>
                        <line number="125" hits="0" branch="false"/>
                        <line number="49" hits="0" branch="false"/>
                        <line number="94" hits="0" branch="false"/>
                        <line number="53" hits="0" branch="false"/>
                        <line number="31" hits="0" branch="false"/>
                        <line number="36" hits="0" branch="false"/>
                        <line number="85" hits="0" branch="false"/>
                        <line number="69" hits="0" branch="false"/>
                        <line number="50" hits="0" branch="false"/>
                        <line number="71" hits="0" branch="false"/>
                        <line number="88" hits="0" branch="false"/>
                        <line number="64" hits="0" branch="false"/>
                        <line number="33" hits="0" branch="false"/>
                        <line number="37" hits="0" branch="false"/>
                    </lines>
</class>
            </classes>
        </package>
        <package name="it.cwmp.client.view.room" line-rate="0.00" branch-rate="0.00" complexity="0">
            <classes>
                <class 
                name="it.cwmp.client.view.room.RoomFXController" filename="src/main/scala/it/cwmp/client/view/room/RoomFXController.scala" line-rate="0.00" branch-rate="0.00" complexity="0">
                    <methods>
                        <method 
                        name="it.cwmp.client.view.room/RoomFXController/onClickEnterPrivate" signature="()V" line-rate="0.00" branch-rate="0.00" complexity="0">
                            <lines>
                                <line number="78" hits="0" branch="false"/>
                                <line number="78" hits="0" branch="false"/>
                                <line number="78" hits="0" branch="false"/>
                                <line number="78" hits="0" branch="false"/>
                                <line number="79" hits="0" branch="false"/>
                                <line number="77" hits="0" branch="false"/>
                            </lines>
</method>
                        <method 
                        name="it.cwmp.client.view.room/RoomFXController/onClickCreatePrivate" signature="()V" line-rate="0.00" branch-rate="0.00" complexity="0">
                            <lines>
                                <line number="68" hits="0" branch="false"/>
                                <line number="68" hits="0" branch="false"/>
                                <line number="69" hits="0" branch="false"/>
                                <line number="69" hits="0" branch="false"/>
                                <line number="69" hits="0" branch="false"/>
                                <line number="66" hits="0" branch="false"/>
                                <line number="68" hits="0" branch="false"/>
                                <line number="71" hits="0" branch="false"/>
                                <line number="68" hits="0" branch="false"/>
                            </lines>
</method>
                        <method 
                        name="it.cwmp.client.view.room/RoomFXController/onCloseAction" signature="()V" line-rate="0.00" branch-rate="0.00" complexity="0">
                            <lines>
                                <line number="125" hits="0" branch="false"/>
                            </lines>
</method>
                        <method 
                        name="it.cwmp.client.view.room/RoomFXController/showTokenDialog" signature="()V" line-rate="0.00" branch-rate="0.00" complexity="0">
                            <lines>
                                <line number="97" hits="0" branch="false"/>
                                <line number="97" hits="0" branch="false"/>
                                <line number="97" hits="0" branch="false"/>
                                <line number="97" hits="0" branch="false"/>
                                <line number="98" hits="0" branch="false"/>
                                <line number="96" hits="0" branch="false"/>
                            </lines>
</method>
                        <method 
                        name="it.cwmp.client.view.room/RoomFXController/apply" signature="()V" line-rate="0.00" branch-rate="0.00" complexity="0">
                            <lines>
                                <line number="134" hits="0" branch="false"/>
                                <line number="135" hits="0" branch="false"/>
                                <line number="134" hits="0" branch="false"/>
                                <line number="134" hits="0" branch="false"/>
                            </lines>
</method>
                        <method 
                        name="it.cwmp.client.view.room/RoomFXController/disableViewComponents" signature="()V" line-rate="0.00" branch-rate="0.00" complexity="0">
                            <lines>
                                <line number="54" hits="0" branch="false"/>
                                <line number="53" hits="0" branch="false"/>
                                <line number="52" hits="0" branch="false"/>
                                <line number="55" hits="0" branch="false"/>
                            </lines>
</method>
                        <method 
                        name="it.cwmp.client.view.room/RoomFXController/showGUI" signature="()V" line-rate="0.00" branch-rate="0.00" complexity="0">
                            <lines>
                                <line number="41" hits="0" branch="false"/>
                                <line number="40" hits="0" branch="false"/>
                            </lines>
</method>
                        <method 
                        name="it.cwmp.client.view.room/RoomFXController/onClickEnterPublic" signature="()V" line-rate="0.00" branch-rate="0.00" complexity="0">
                            <lines>
                                <line number="85" hits="0" branch="false"/>
                                <line number="85" hits="0" branch="false"/>
                                <line number="85" hits="0" branch="false"/>
                                <line number="85" hits="0" branch="false"/>
                                <line number="86" hits="0" branch="false"/>
                                <line number="84" hits="0" branch="false"/>
                            </lines>
</method>
                        <method 
                        name="it.cwmp.client.view.room/RoomFXController/resetFields" signature="()V" line-rate="0.00" branch-rate="0.00" complexity="0">
                            <lines>
                                <line number="45" hits="0" branch="false"/>
                                <line number="48" hits="0" branch="false"/>
                                <line number="47" hits="0" branch="false"/>
                                <line number="46" hits="0" branch="false"/>
                            </lines>
</method>
                        <method 
                        name="it.cwmp.client.view.room/RoomFXController/&lt;none&gt;" signature="()V" line-rate="0.00" branch-rate="0.00" complexity="0">
                            <lines>
                                <line number="145" hits="0" branch="false"/>
                                <line number="20" hits="0" branch="false"/>
                                <line number="139" hits="0" branch="false"/>
                                <line number="143" hits="0" branch="false"/>
                                <line number="19" hits="0" branch="false"/>
                                <line number="147" hits="0" branch="false"/>
                                <line number="138" hits="0" branch="false"/>
                                <line number="141" hits="0" branch="false"/>
                                <line number="140" hits="0" branch="false"/>
                            </lines>
</method>
                        <method 
                        name="it.cwmp.client.view.room/RoomFXController/initGUI" signature="()V" line-rate="0.00" branch-rate="0.00" complexity="0">
                            <lines>
                                <line number="36" hits="0" branch="false"/>
                                <line number="36" hits="0" branch="false"/>
                                <line number="34" hits="0" branch="false"/>
                            </lines>
</method>
                        <method 
                        name="it.cwmp.client.view.room/RoomFXController/onClickResetPrivate" signature="()V" line-rate="0.00" branch-rate="0.00" complexity="0">
                            <lines>
                                <line number="74" hits="0" branch="false"/>
                                <line number="74" hits="0" branch="false"/>
                            </lines>
</method>
                        <method 
                        name="it.cwmp.client.view.room/RoomFXController/enableViewComponents" signature="()V" line-rate="0.00" branch-rate="0.00" complexity="0">
                            <lines>
                                <line number="60" hits="0" branch="false"/>
                                <line number="59" hits="0" branch="false"/>
                                <line number="62" hits="0" branch="false"/>
                                <line number="61" hits="0" branch="false"/>
                            </lines>
</method>
                        <method 
                        name="it.cwmp.client.view.room/RoomFXController/createRoomTokenDialogContent" signature="()V" line-rate="0.00" branch-rate="0.00" complexity="0">
                            <lines>
                                <line number="112" hits="0" branch="false"/>
                                <line number="116" hits="0" branch="false"/>
                                <line number="119" hits="0" branch="false"/>
                                <line number="109" hits="0" branch="false"/>
                                <line number="113" hits="0" branch="false"/>
                                <line number="107" hits="0" branch="false"/>
                                <line number="112" hits="0" branch="false"/>
                                <line number="115" hits="0" branch="false"/>
                                <line number="114" hits="0" branch="false"/>
                                <line number="116" hits="0" branch="false"/>
                                <line number="110" hits="0" branch="false"/>
                                <line number="120" hits="0" branch="false"/>
                            </lines>
</method>
                    </methods>
                    <lines>
                        <line number="78" hits="0" branch="false"/>
                        <line number="145" hits="0" branch="false"/>
                        <line number="60" hits="0" branch="false"/>
                        <line number="68" hits="0" branch="false"/>
                        <line number="45" hits="0" branch="false"/>
                        <line number="134" hits="0" branch="false"/>
                        <line number="97" hits="0" branch="false"/>
                        <line number="112" hits="0" branch="false"/>
                        <line number="85" hits="0" branch="false"/>
                        <line number="74" hits="0" branch="false"/>
                        <line number="116" hits="0" branch="false"/>
                        <line number="135" hits="0" branch="false"/>
                        <line number="97" hits="0" branch="false"/>
                        <line number="68" hits="0" branch="false"/>
                        <line number="20" hits="0" branch="false"/>
                        <line number="48" hits="0" branch="false"/>
                        <line number="78" hits="0" branch="false"/>
                        <line number="36" hits="0" branch="false"/>
                        <line number="119" hits="0" branch="false"/>
                        <line number="69" hits="0" branch="false"/>
                        <line number="54" hits="0" branch="false"/>
                        <line number="85" hits="0" branch="false"/>
                        <line number="109" hits="0" branch="false"/>
                        <line number="139" hits="0" branch="false"/>
                        <line number="69" hits="0" branch="false"/>
                        <line number="113" hits="0" branch="false"/>
                        <line number="78" hits="0" branch="false"/>
                        <line number="85" hits="0" branch="false"/>
                        <line number="107" hits="0" branch="false"/>
                        <line number="143" hits="0" branch="false"/>
                        <line number="97" hits="0" branch="false"/>
                        <line number="112" hits="0" branch="false"/>
                        <line number="69" hits="0" branch="false"/>
                        <line number="125" hits="0" branch="false"/>
                        <line number="78" hits="0" branch="false"/>
                        <line number="41" hits="0" branch="false"/>
                        <line number="59" hits="0" branch="false"/>
                        <line number="66" hits="0" branch="false"/>
                        <line number="19" hits="0" branch="false"/>
                        <line number="85" hits="0" branch="false"/>
                        <line number="47" hits="0" branch="false"/>
                        <line number="62" hits="0" branch="false"/>
                        <line number="134" hits="0" branch="false"/>
                        <line number="97" hits="0" branch="false"/>
                        <line number="115" hits="0" branch="false"/>
                        <line number="36" hits="0" branch="false"/>
                        <line number="53" hits="0" branch="false"/>
                        <line number="98" hits="0" branch="false"/>
                        <line number="147" hits="0" branch="false"/>
                        <line number="114" hits="0" branch="false"/>
                        <line number="134" hits="0" branch="false"/>
                        <line number="34" hits="0" branch="false"/>
                        <line number="74" hits="0" branch="false"/>
                        <line number="68" hits="0" branch="false"/>
                        <line number="116" hits="0" branch="false"/>
                        <line number="138" hits="0" branch="false"/>
                        <line number="86" hits="0" branch="false"/>
                        <line number="52" hits="0" branch="false"/>
                        <line number="96" hits="0" branch="false"/>
                        <line number="79" hits="0" branch="false"/>
                        <line number="84" hits="0" branch="false"/>
                        <line number="71" hits="0" branch="false"/>
                        <line number="55" hits="0" branch="false"/>
                        <line number="141" hits="0" branch="false"/>
                        <line number="40" hits="0" branch="false"/>
                        <line number="110" hits="0" branch="false"/>
                        <line number="120" hits="0" branch="false"/>
                        <line number="77" hits="0" branch="false"/>
                        <line number="46" hits="0" branch="false"/>
                        <line number="61" hits="0" branch="false"/>
                        <line number="68" hits="0" branch="false"/>
                        <line number="140" hits="0" branch="false"/>
                    </lines>
</class>
            </classes>
        </package>
    </packages>
</coverage>
